<?xml version="1.0" encoding="UTF-8"?>
<!-- Generated by org.testng.reporters.JUnitReportReporter -->
<testsuite hostname="IBM-PF3LLCGG" failures="0" tests="2" name="com.renju.training.jenkins.JenkinsCalcTest" time="0.010" errors="0" timestamp="11 Aug 2022 15:49:02 GMT" skipped="0">
  <testcase classname="com.renju.training.jenkins.JenkinsCalcTest" name="subtractTest" time="0.001"/>
  <testcase classname="com.renju.training.jenkins.JenkinsCalcTest" name="addTest" time="0.009"/>
</testsuite> <!-- com.renju.training.jenkins.JenkinsCalcTest -->
